Starting Selenium Grid
[jenkins] $ /usr/java/jdk1.8.0_141/jre/bin/java -cp /var/cache/jenkins/war/WEB-INF/lib/remoting-4.7.jar hudson.remoting.Launcher -cp /var/lib/jenkins/plugins/selenium/WEB-INF/lib/selenium-server-standalone-3.141.59.jar:/var/lib/jenkins/plugins/selenium/WEB-INF/lib/htmlunit-driver-standalone-2.33.3.jar -connectTo localhost:40229
Starting Selenium Grid
channel started
Jul 18, 2021 5:34:24 PM hudson.plugins.selenium.HubLauncher call
OFF: Grid hub starting with log level INFO
Jul 18, 2021 5:34:24 PM hudson.plugins.selenium.HubLauncher call
OFF: Grid Hub preparing to start on port 4444
2021-07-18 17:34:27.157:INFO::pool-1-thread-6 for channel id=0: Logging initialized @20718ms to org.seleniumhq.jetty9.util.log.StdErrLog
2021-07-18 17:34:27.338:INFO:osjs.Server:pool-1-thread-6 for channel id=0: jetty-9.4.z-SNAPSHOT; built: 2018-08-30T13:59:14.071Z; git: 27208684755d94a92186989f695db2d7b21ebc51; jvm 1.8.0_141-b15
2021-07-18 17:34:27.407:INFO:osjs.session:pool-1-thread-6 for channel id=0: DefaultSessionIdManager workerName=node0
2021-07-18 17:34:27.407:INFO:osjs.session:pool-1-thread-6 for channel id=0: No SessionScavenger set, using defaults
2021-07-18 17:34:27.409:INFO:osjs.session:pool-1-thread-6 for channel id=0: node0 Scavenging every 600000ms
2021-07-18 17:34:27.419:INFO:osjsh.ContextHandler:pool-1-thread-6 for channel id=0: Started o.s.j.s.ServletContextHandler@6bc5ef7e{/,null,AVAILABLE}
2021-07-18 17:34:27.433:INFO:osjs.AbstractConnector:pool-1-thread-6 for channel id=0: Stopped ServerConnector@64104081{HTTP/1.1,[http/1.1]}{3.108.64.41:4444}
2021-07-18 17:34:27.433:INFO:osjs.session:pool-1-thread-6 for channel id=0: node0 Stopped scavenging
2021-07-18 17:34:27.435:INFO:osjsh.ContextHandler:pool-1-thread-6 for channel id=0: Stopped o.s.j.s.ServletContextHandler@6bc5ef7e{/,null,UNAVAILABLE}
Jul 18, 2021 5:34:27 PM org.openqa.grid.internal.DefaultGridRegistry assignRequestToProxy
INFO: Shutting down registry.
Jul 18, 2021 5:34:27 PM org.openqa.grid.web.Hub start
SEVERE: Port 4444 is busy, please choose a free port for the hub and specify it using -port option
Jul 18, 2021 5:34:27 PM hudson.plugins.selenium.HubLauncher call
OFF: Grid Hub started on port 4444 with args: -maxSession 5 -timeout 300 -browserTimeout 0 -host 3.108.64.41
