Started at Sun Jul 18 17:56:37 UTC 2021
Processing j1
Offering j1 to Project Build Discarder
Processing j2
Offering j2 to Project Build Discarder
Processing j3
Offering j3 to Project Build Discarder
Processing Java_project1
Offering Java_project1 to Project Build Discarder
Processing projectc1
Offering projectc1 to Project Build Discarder
Processing projectc2
Offering projectc2 to Project Build Discarder
Processing test1
Offering test1 to Project Build Discarder
Processing test2_deploy
Offering test2_deploy to Project Build Discarder
Processing test3
Offering test3 to Project Build Discarder
Processing txt1
Offering txt1 to Project Build Discarder
Finished at Sun Jul 18 17:56:37 UTC 2021. 4ms
Started at Sun Jul 18 18:56:37 UTC 2021
Processing j1
Offering j1 to Project Build Discarder
Processing j2
Offering j2 to Project Build Discarder
Processing j3
Offering j3 to Project Build Discarder
Processing java_devops_1
Offering java_devops_1 to Project Build Discarder
Processing java_devops_2
Offering java_devops_2 to Project Build Discarder
Processing java_devops_3
Offering java_devops_3 to Project Build Discarder
Processing Java_project1
Offering Java_project1 to Project Build Discarder
Processing projectc1
Offering projectc1 to Project Build Discarder
Processing projectc2
Offering projectc2 to Project Build Discarder
Processing test1
Offering test1 to Project Build Discarder
Processing test2_deploy
Offering test2_deploy to Project Build Discarder
Processing test3
Offering test3 to Project Build Discarder
Processing txt1
Offering txt1 to Project Build Discarder
Finished at Sun Jul 18 18:56:37 UTC 2021. 2ms
